\BOOKMARK [1][]{section.1}{\376\377\116\000\060\001\000\040\225\356\230\230\221\315\217\360}{}% 1
\BOOKMARK [1][]{section.2}{\376\377\116\214\060\001\000\040\225\356\230\230\122\006\147\220}{}% 2
\BOOKMARK [2][]{subsection.2.1}{\376\377\0002\000.\0001\000\040\124\150\147\037\140\047\124\214\142\337\124\150\147\037\140\047}{section.2}% 3
\BOOKMARK [2][]{subsection.2.2}{\376\377\0002\000.\0002\000\040\146\057\116\300\116\110\127\050\137\161\124\315\174\373\176\337\210\114\116\072\166\204\157\024\123\026\377\037}{section.2}% 4
\BOOKMARK [1][]{section.3}{\376\377\116\011\060\001\000\040\173\046\123\367\213\364\146\016}{}% 5
\BOOKMARK [1][]{section.4}{\376\377\126\333\060\001\000\040\152\041\127\213\166\204\136\372\172\313\116\016\154\102\211\343}{}% 6
\BOOKMARK [2][]{subsection.4.1}{\376\377\0004\000.\0001\000\040\145\340\123\315\231\210\147\072\122\066\124\214\157\300\122\261\147\072\122\066\166\204\140\305\121\265}{section.4}% 7
\BOOKMARK [2][]{subsection.4.2}{\376\377\0004\000.\0002\000\040\124\053\226\073\134\074\124\214\131\026\122\240\157\300\122\261\166\204\140\305\121\265}{section.4}% 8
\BOOKMARK [2][]{subsection.4.3}{\376\377\0004\000.\0003\000\040\152\041\127\213\166\204\143\250\136\177}{section.4}% 9
\BOOKMARK [1][]{section.5}{\376\377\116\224\060\001\000\040\173\227\117\213\122\006\147\220}{}% 10
\BOOKMARK [2][]{subsection.5.1}{\376\377\0005\000.\0001\000\040\133\236\226\105\225\356\230\230\166\204\143\320\121\372}{section.5}% 11
\BOOKMARK [2][]{subsection.5.2}{\376\377\0005\000.\0002\000\040\000A\000\040\174\173\163\260\214\141}{section.5}% 12
\BOOKMARK [3][]{subsubsection.5.2.1}{\376\377\0005\000.\0002\000.\0001\000\040\174\373\176\337\145\340\131\026\165\114\157\300\122\261\145\366\166\204\140\305\121\265}{subsection.5.2}% 13
\BOOKMARK [3][]{subsubsection.5.2.2}{\376\377\0005\000.\0002\000.\0002\000\040\174\373\176\337\133\130\127\050\131\026\165\114\157\300\122\261\145\366\166\204\140\305\121\265}{subsection.5.2}% 14
\BOOKMARK [2][]{subsection.5.3}{\376\377\0005\000.\0003\000\040\000B\000\040\174\173\163\260\214\141}{section.5}% 15
\BOOKMARK [2][]{subsection.5.4}{\376\377\0005\000.\0004\000\040\000C\000\040\174\173\163\260\214\141}{section.5}% 16
\BOOKMARK [2][]{subsection.5.5}{\376\377\0005\000.\0005\000\040\155\367\154\214\163\260\214\141}{section.5}% 17
\BOOKMARK [2][]{subsection.5.6}{\376\377\0005\000.\0006\000\040\152\041\127\213\176\323\147\234\166\204\162\151\164\006\141\017\116\111}{section.5}% 18
\BOOKMARK [1][]{section.6}{\376\377\121\155\060\001\000\040\152\041\127\213\213\304\116\367\116\016\134\125\147\033}{}% 19
\BOOKMARK [2][]{subsection.6.1}{\376\377\0006\000.\0001\000\040\152\041\127\213\213\304\116\367}{section.6}% 20
\BOOKMARK [2][]{subsection.6.2}{\376\377\0006\000.\0002\000\040\152\041\127\213\134\125\147\033}{section.6}% 21
\BOOKMARK [1][]{section*.21}{\376\377\123\302\200\003\145\207\163\056}{}% 22
\BOOKMARK [1][]{appendix.a.A}{\376\377\226\104\000\040\137\125\000\040\000A\000\040\152\041\127\213\166\204\211\343\147\220\211\343\116\016\230\221\127\337\211\343\122\006\147\220\172\013\136\217}{}% 23
\BOOKMARK [1][]{appendix.a.B}{\376\377\226\104\000\040\137\125\000\040\000B\000\040\000J\000o\000s\000e\000p\000h\000s\000o\000n\000\040\176\323\165\065\215\357}{}% 24
